<?xml version="1.0" encoding="UTF-8"?>
<testsuite xmlns:xsi="http://www.w3.org/2001/XMLSchema-instance" xsi:noNamespaceSchemaLocation="https://maven.apache.org/surefire/maven-surefire-plugin/xsd/surefire-test-report-3.0.xsd" version="3.0" name="com.bank.account_service.AccountServiceApplicationTests" time="7.493" tests="1" errors="0" skipped="0" failures="0">
  <properties>
[...]
</properties>
  <testcase name="contextLoads" classname="com.bank.account_service.AccountServiceApplicationTests" time="0.741">
    <system-out><![CDATA[09:18:37.760 [main] INFO org.springframework.test.context.support.AnnotationConfigContextLoaderUtils -- Could not detect default configuration classes for test class [com.bank.account_service.AccountServiceApplicationTests]: AccountServiceApplicationTests does not declare any static, non-private, non-final, nested classes annotated with @Configuration.
09:18:37.939 [main] INFO org.springframework.boot.test.context.SpringBootTestContextBootstrapper -- Found @SpringBootConfiguration com.bank.account_service.AccountServiceApplication for test class com.bank.account_service.AccountServiceApplicationTests

  .   ____          _            __ _ _
 /\\ / ___'_ __ _ _(_)_ __  __ _ \ \ \ \
( ( )\___ | '_ | '_| | '_ \/ _` | \ \ \ \
 \\/  ___)| |_)| | | | | || (_| |  ) ) ) )
  '  |____| .__|_| |_|_| |_\__, | / / / /
 =========|_|==============|___/=/_/_/_/
 :: Spring Boot ::                (v3.2.0)

2026-02-18 09:18:38 - Starting AccountServiceApplicationTests using Java 17.0.18 with PID 7872 (started by CAPACITI-JHB in C:\Users\giles\Downloads\youth_cloud_banking_system-main\youth_cloud_banking_system-main\account_service)
2026-02-18 09:18:38 - Running with Spring Boot v3.2.0, Spring v6.1.1
2026-02-18 09:18:38 - No active profile set, falling back to 1 default profile: "default"
2026-02-18 09:18:39 - Bootstrapping Spring Data JPA repositories in DEFAULT mode.
2026-02-18 09:18:39 - Finished Spring Data repository scanning in 78 ms. Found 1 JPA repository interface.
2026-02-18 09:18:40 - HHH000204: Processing PersistenceUnitInfo [name: default]
2026-02-18 09:18:40 - HHH000412: Hibernate ORM core version 6.3.1.Final
2026-02-18 09:18:40 - HHH000026: Second-level cache disabled
2026-02-18 09:18:40 - No LoadTimeWeaver setup: ignoring JPA class transformer
2026-02-18 09:18:40 - HikariPool-1 - Starting...
2026-02-18 09:18:41 - HikariPool-1 - Added connection org.postgresql.jdbc.PgConnection@10bf1ec9
2026-02-18 09:18:41 - HikariPool-1 - Start completed.
2026-02-18 09:18:41 - HHH90000025: PostgreSQLDialect does not need to be specified explicitly using 'hibernate.dialect' (remove the property setting and it will be selected by default)
2026-02-18 09:18:42 - HHH000489: No JTA platform available (set 'hibernate.transaction.jta.platform' to enable JTA platform integration)
Hibernate: 
    create table accounts (
        id bigserial not null,
        account_holder_name varchar(255) not null,
        account_name varchar(255) not null,
        account_number varchar(20) not null,
        account_type varchar(255) not null check (account_type in ('STUDENT_SAVINGS','TEEN_CURRENT','EDUCATION_SAVINGS','YOUTH_INVESTMENT')),
        address varchar(255),
        balance numeric(15,2) not null,
        closed_at timestamp(6),
        created_at timestamp(6),
        date_of_birth date,
        educational_institution varchar(255),
        email varchar(255),
        guardian_contact varchar(255),
        guardian_name varchar(255),
        id_number varchar(13) not null,
        interest_rate numeric(4,2),
        last_interest_date date,
        minimum_balance numeric(15,2),
        phone_number varchar(10),
        status varchar(255) not null check (status in ('ACTIVE','INACTIVE','DORMANT','BLOCKED','CLOSED')),
        updated_at timestamp(6),
        user_id bigint not null,
        primary key (id)
    )
Hibernate: 
    alter table if exists accounts 
       drop constraint if exists UK_6kplolsdtr3slnvx97xsy2kc8
2026-02-18 09:18:42 - SQL Warning Code: 0, SQLState: 00000
2026-02-18 09:18:42 - constraint "uk_6kplolsdtr3slnvx97xsy2kc8" of relation "accounts" does not exist, skipping
Hibernate: 
    alter table if exists accounts 
       add constraint UK_6kplolsdtr3slnvx97xsy2kc8 unique (account_number)
Hibernate: 
    alter table if exists accounts 
       drop constraint if exists UK_tli6156197j15b04vtssbjhjd
2026-02-18 09:18:42 - SQL Warning Code: 0, SQLState: 00000
2026-02-18 09:18:42 - constraint "uk_tli6156197j15b04vtssbjhjd" of relation "accounts" does not exist, skipping
Hibernate: 
    alter table if exists accounts 
       add constraint UK_tli6156197j15b04vtssbjhjd unique (id_number)
2026-02-18 09:18:42 - Initialized JPA EntityManagerFactory for persistence unit 'default'
2026-02-18 09:18:43 - spring.jpa.open-in-view is enabled by default. Therefore, database queries may be performed during view rendering. Explicitly configure spring.jpa.open-in-view to disable this warning
2026-02-18 09:18:44 - Started AccountServiceApplicationTests in 6.036 seconds (process running for 7.587)
]]></system-out>
  </testcase>
</testsuite>